<?xml version="1.0" encoding="UTF-8"?>
<!-- Generated by org.testng.reporters.JUnitReportReporter -->
<testsuite hostname="LAPTOP-FOE8HMU5" failures="0" tests="1" name="testscripts.TestDeleteItem" time="54.984" errors="0" timestamp="2021-01-11T18:03:28 IST" skipped="0">
  <testcase classname="testscripts.TestDeleteItem" name="deleteitem" time="54.984"/>
  <system-out>
item is deleted from cart successfully  </system-out>
</testsuite> <!-- testscripts.TestDeleteItem -->
