<?xml version="1.0" encoding="UTF-8"?>
<!-- Generated by org.testng.reporters.JUnitReportReporter -->
<testsuite hostname="LAPTOP-FOE8HMU5" failures="0" tests="1" name="testscripts.TestAddtoCart" time="69.379" errors="0" timestamp="2021-01-11T18:03:28 IST" skipped="0">
  <testcase classname="testscripts.TestAddtoCart" name="addtocart" time="69.379"/>
  <system-out>
item added to cart successfully  </system-out>
</testsuite> <!-- testscripts.TestAddtoCart -->
